#
# There is insufficient memory for the Java Runtime Environment to continue.
# Native memory allocation (mmap) failed to map 150994944 bytes for committing reserved memory.
# Possible reasons:
#   The system is out of physical RAM or swap space
#   In 32 bit mode, the process size limit was hit
# Possible solutions:
#   Reduce memory load on the system
#   Increase physical memory or swap space
#   Check if swap backing store is full
#   Use 64 bit Java on a 64 bit OS
#   Decrease Java heap size (-Xmx/-Xms)
#   Decrease number of Java threads
#   Decrease Java thread stack sizes (-Xss)
#   Set larger code cache with -XX:ReservedCodeCacheSize=
# This output file may be truncated or incomplete.
#
#  Out of Memory Error (os_linux.cpp:2630), pid=10269, tid=140618008475392
#
# JRE version: OpenJDK Runtime Environment (8.0_91-b14) (build 1.8.0_91-8u91-b14-0ubuntu4~14.04-b14)
# Java VM: OpenJDK 64-Bit Server VM (25.91-b14 mixed mode linux-amd64 compressed oops)
# Failed to write core dump. Core dumps have been disabled. To enable core dumping, try "ulimit -c unlimited" before starting Java again
#

---------------  T H R E A D  ---------------

Current thread (0x00007fe44c075000):  VMThread [stack: 0x00007fe42e61b000,0x00007fe42e71c000] [id=10292]

Stack: [0x00007fe42e61b000,0x00007fe42e71c000],  sp=0x00007fe42e71a460,  free space=1021k
Native frames: (J=compiled Java code, j=interpreted, Vv=VM code, C=native code)
V  [libjvm.so+0x9f573d]
V  [libjvm.so+0x4bc3da]
V  [libjvm.so+0x85b0a0]
V  [libjvm.so+0x855b9f]
V  [libjvm.so+0x8cb83b]
V  [libjvm.so+0x8cc4f0]
V  [libjvm.so+0x8cc80b]
V  [libjvm.so+0x8c8f1c]
V  [libjvm.so+0x8c2a50]
V  [libjvm.so+0x44a9d3]
V  [libjvm.so+0x9f6b71]
V  [libjvm.so+0x9fb5b7]
V  [libjvm.so+0x9fa078]
V  [libjvm.so+0x9fa4f9]
V  [libjvm.so+0x9fa942]
V  [libjvm.so+0x8584a2]

VM_Operation (0x00007fe42da2cd30): CollectForMetadataAllocation, mode: safepoint, requested by thread 0x00007fe44c0b1000


---------------  P R O C E S S  ---------------

Java Threads: ( => current thread )
  0x00007fe44c0c0000 JavaThread "Service Thread" daemon [_thread_blocked, id=10299, stack(0x00007fe42d82d000,0x00007fe42d92e000)]
  0x00007fe44c0b1000 JavaThread "C1 CompilerThread2" daemon [_thread_blocked, id=10298, stack(0x00007fe42d92e000,0x00007fe42da2f000)]
  0x00007fe44c0af000 JavaThread "C2 CompilerThread1" daemon [_thread_blocked, id=10297, stack(0x00007fe42da2f000,0x00007fe42db30000)]
  0x00007fe44c0ac000 JavaThread "C2 CompilerThread0" daemon [_thread_blocked, id=10296, stack(0x00007fe42db30000,0x00007fe42dc31000)]
  0x00007fe44c0aa000 JavaThread "Signal Dispatcher" daemon [_thread_blocked, id=10295, stack(0x00007fe42dc31000,0x00007fe42dd32000)]
  0x00007fe44c081800 JavaThread "Finalizer" daemon [_thread_blocked, id=10294, stack(0x00007fe42e419000,0x00007fe42e51a000)]
  0x00007fe44c07d000 JavaThread "Reference Handler" daemon [_thread_blocked, id=10293, stack(0x00007fe42e51a000,0x00007fe42e61b000)]
  0x00007fe44c008000 JavaThread "main" [_thread_blocked, id=10287, stack(0x00007fe452d9e000,0x00007fe452e9f000)]

Other Threads:
=>0x00007fe44c075000 VMThread [stack: 0x00007fe42e61b000,0x00007fe42e71c000] [id=10292]
  0x00007fe44c0c2800 WatcherThread [stack: 0x00007fe42d72c000,0x00007fe42d82d000] [id=10300]

VM state:at safepoint (normal execution)

VM Mutex/Monitor currently owned by a thread:  ([mutex/lock_event])
[0x00007fe44c006300] Threads_lock - owner thread: 0x00007fe44c075000
[0x00007fe44c006800] Heap_lock - owner thread: 0x00007fe44c0b1000
[0x00007fe44c006d80] MethodData_lock - owner thread: 0x00007fe44c0b1000

Heap:
 PSYoungGen      total 132096K, used 5113K [0x00000000d7100000, 0x00000000df700000, 0x0000000100000000)
  eden space 126976K, 0% used [0x00000000d7100000,0x00000000d7100000,0x00000000ded00000)
  from space 5120K, 99% used [0x00000000ded00000,0x00000000df1fe5b0,0x00000000df200000)
  to   space 5120K, 0% used [0x00000000df200000,0x00000000df200000,0x00000000df700000)
 ParOldGen       total 84992K, used 17443K [0x0000000085200000, 0x000000008a500000, 0x00000000d7100000)
  object space 84992K, 20% used [0x0000000085200000,0x0000000086308ef0,0x000000008a500000)
 Metaspace       used 20563K, capacity 21086K, committed 21248K, reserved 1069056K
  class space    used 2338K, capacity 2475K, committed 2560K, reserved 1048576K

Card table byte_map: [0x00007fe43c868000,0x00007fe43cc40000] byte_map_base: 0x00007fe43c43f000

Marking Bits: (ParMarkBitMap*) 0x00007fe452078080
 Begin Bits: [0x00007fe434290000, 0x00007fe436148000)
 End Bits:   [0x00007fe436148000, 0x00007fe438000000)

Polling page: 0x00007fe452ec3000

CodeCache: size=245760Kb used=12210Kb max_used=12210Kb free=233549Kb
 bounds [0x00007fe43d000000, 0x00007fe43dc00000, 0x00007fe44c000000]
 total_blobs=4063 nmethods=3707 adapters=270
 compilation: enabled

Compilation events (10 events):
Event: 3,409 Thread 0x00007fe44c0b1000 nmethod 3721 0x00007fe43dbf22d0 code [0x00007fe43dbf2420, 0x00007fe43dbf2590]
Event: 3,409 Thread 0x00007fe44c0b1000 3722       3       java.util.regex.Matcher::find (35 bytes)
Event: 3,409 Thread 0x00007fe44c0b1000 nmethod 3722 0x00007fe43dbf2610 code [0x00007fe43dbf27c0, 0x00007fe43dbf2d58]
Event: 3,409 Thread 0x00007fe44c0b1000 3723       3       java.util.Formatter$FixedString::<init> (15 bytes)
Event: 3,409 Thread 0x00007fe44c0b1000 nmethod 3723 0x00007fe43dbf2f10 code [0x00007fe43dbf3080, 0x00007fe43dbf3250]
Event: 3,409 Thread 0x00007fe44c0b1000 3724       3       java.util.Formatter$FixedString::print (18 bytes)
Event: 3,409 Thread 0x00007fe44c0b1000 nmethod 3724 0x00007fe43dbf3310 code [0x00007fe43dbf3480, 0x00007fe43dbf36c8]
Event: 3,409 Thread 0x00007fe44c0b1000 3728       3       com.sun.tools.javac.util.ListBuffer::add (8 bytes)
Event: 3,409 Thread 0x00007fe44c0b1000 nmethod 3728 0x00007fe43dbf37d0 code [0x00007fe43dbf3940, 0x00007fe43dbf3ac8]
Event: 3,409 Thread 0x00007fe44c0b1000 3717       3       java.util.Formatter$FormatSpecifier::<init> (246 bytes)

GC Heap History (9 events):
Event: 0,483 GC heap before
{Heap before GC invocations=1 (full 0):
 PSYoungGen      total 36864K, used 31744K [0x00000000d7100000, 0x00000000d9a00000, 0x0000000100000000)
  eden space 31744K, 100% used [0x00000000d7100000,0x00000000d9000000,0x00000000d9000000)
  from space 5120K, 0% used [0x00000000d9500000,0x00000000d9500000,0x00000000d9a00000)
  to   space 5120K, 0% used [0x00000000d9000000,0x00000000d9000000,0x00000000d9500000)
 ParOldGen       total 84992K, used 0K [0x0000000085200000, 0x000000008a500000, 0x00000000d7100000)
  object space 84992K, 0% used [0x0000000085200000,0x0000000085200000,0x000000008a500000)
 Metaspace       used 7388K, capacity 7522K, committed 7680K, reserved 1056768K
  class space    used 889K, capacity 953K, committed 1024K, reserved 1048576K
Event: 0,489 GC heap after
Heap after GC invocations=1 (full 0):
 PSYoungGen      total 36864K, used 4321K [0x00000000d7100000, 0x00000000db900000, 0x0000000100000000)
  eden space 31744K, 0% used [0x00000000d7100000,0x00000000d7100000,0x00000000d9000000)
  from space 5120K, 84% used [0x00000000d9000000,0x00000000d9438610,0x00000000d9500000)
  to   space 5120K, 0% used [0x00000000db400000,0x00000000db400000,0x00000000db900000)
 ParOldGen       total 84992K, used 8K [0x0000000085200000, 0x000000008a500000, 0x00000000d7100000)
  object space 84992K, 0% used [0x0000000085200000,0x0000000085202000,0x000000008a500000)
 Metaspace       used 7388K, capacity 7522K, committed 7680K, reserved 1056768K
  class space    used 889K, capacity 953K, committed 1024K, reserved 1048576K
}
Event: 0,839 GC heap before
{Heap before GC invocations=2 (full 0):
 PSYoungGen      total 36864K, used 36065K [0x00000000d7100000, 0x00000000db900000, 0x0000000100000000)
  eden space 31744K, 100% used [0x00000000d7100000,0x00000000d9000000,0x00000000d9000000)
  from space 5120K, 84% used [0x00000000d9000000,0x00000000d9438610,0x00000000d9500000)
  to   space 5120K, 0% used [0x00000000db400000,0x00000000db400000,0x00000000db900000)
 ParOldGen       total 84992K, used 8K [0x0000000085200000, 0x000000008a500000, 0x00000000d7100000)
  object space 84992K, 0% used [0x0000000085200000,0x0000000085202000,0x000000008a500000)
 Metaspace       used 10540K, capacity 10676K, committed 10880K, reserved 1058816K
  class space    used 1286K, capacity 1340K, committed 1408K, reserved 1048576K
Event: 0,845 GC heap after
Heap after GC invocations=2 (full 0):
 PSYoungGen      total 68608K, used 4971K [0x00000000d7100000, 0x00000000db900000, 0x0000000100000000)
  eden space 63488K, 0% used [0x00000000d7100000,0x00000000d7100000,0x00000000daf00000)
  from space 5120K, 97% used [0x00000000db400000,0x00000000db8daf60,0x00000000db900000)
  to   space 5120K, 0% used [0x00000000daf00000,0x00000000daf00000,0x00000000db400000)
 ParOldGen       total 84992K, used 24K [0x0000000085200000, 0x000000008a500000, 0x00000000d7100000)
  object space 84992K, 0% used [0x0000000085200000,0x0000000085206000,0x000000008a500000)
 Metaspace       used 10540K, capacity 10676K, committed 10880K, reserved 1058816K
  class space    used 1286K, capacity 1340K, committed 1408K, reserved 1048576K
}
Event: 1,675 GC heap before
{Heap before GC invocations=3 (full 0):
 PSYoungGen      total 68608K, used 68459K [0x00000000d7100000, 0x00000000db900000, 0x0000000100000000)
  eden space 63488K, 100% used [0x00000000d7100000,0x00000000daf00000,0x00000000daf00000)
  from space 5120K, 97% used [0x00000000db400000,0x00000000db8daf60,0x00000000db900000)
  to   space 5120K, 0% used [0x00000000daf00000,0x00000000daf00000,0x00000000db400000)
 ParOldGen       total 84992K, used 24K [0x0000000085200000, 0x000000008a500000, 0x00000000d7100000)
  object space 84992K, 0% used [0x0000000085200000,0x0000000085206000,0x000000008a500000)
 Metaspace       used 13910K, capacity 14136K, committed 14592K, reserved 1062912K
  class space    used 1612K, capacity 1678K, committed 1792K, reserved 1048576K
Event: 1,706 GC heap after
Heap after GC invocations=3 (full 0):
 PSYoungGen      total 68608K, used 5088K [0x00000000d7100000, 0x00000000df700000, 0x0000000100000000)
  eden space 63488K, 0% used [0x00000000d7100000,0x00000000d7100000,0x00000000daf00000)
  from space 5120K, 99% used [0x00000000daf00000,0x00000000db3f8020,0x00000000db400000)
  to   space 5120K, 0% used [0x00000000df200000,0x00000000df200000,0x00000000df700000)
 ParOldGen       total 84992K, used 4458K [0x0000000085200000, 0x000000008a500000, 0x00000000d7100000)
  object space 84992K, 5% used [0x0000000085200000,0x000000008565aa68,0x000000008a500000)
 Metaspace       used 13910K, capacity 14136K, committed 14592K, reserved 1062912K
  class space    used 1612K, capacity 1678K, committed 1792K, reserved 1048576K
}
Event: 2,396 GC heap before
{Heap before GC invocations=4 (full 0):
 PSYoungGen      total 68608K, used 68576K [0x00000000d7100000, 0x00000000df700000, 0x0000000100000000)
  eden space 63488K, 100% used [0x00000000d7100000,0x00000000daf00000,0x00000000daf00000)
  from space 5120K, 99% used [0x00000000daf00000,0x00000000db3f8020,0x00000000db400000)
  to   space 5120K, 0% used [0x00000000df200000,0x00000000df200000,0x00000000df700000)
 ParOldGen       total 84992K, used 4458K [0x0000000085200000, 0x000000008a500000, 0x00000000d7100000)
  object space 84992K, 5% used [0x0000000085200000,0x000000008565aa68,0x000000008a500000)
 Metaspace       used 15451K, capacity 16030K, committed 16256K, reserved 1062912K
  class space    used 1758K, capacity 1899K, committed 1920K, reserved 1048576K
Event: 2,450 GC heap after
Heap after GC invocations=4 (full 0):
 PSYoungGen      total 132096K, used 5104K [0x00000000d7100000, 0x00000000df700000, 0x0000000100000000)
  eden space 126976K, 0% used [0x00000000d7100000,0x00000000d7100000,0x00000000ded00000)
  from space 5120K, 99% used [0x00000000df200000,0x00000000df6fc030,0x00000000df700000)
  to   space 5120K, 0% used [0x00000000ded00000,0x00000000ded00000,0x00000000df200000)
 ParOldGen       total 84992K, used 7689K [0x0000000085200000, 0x000000008a500000, 0x00000000d7100000)
  object space 84992K, 9% used [0x0000000085200000,0x00000000859826a8,0x000000008a500000)
 Metaspace       used 15451K, capacity 16030K, committed 16256K, reserved 1062912K
  class space    used 1758K, capacity 1899K, committed 1920K, reserved 1048576K
}
Event: 3,410 GC heap before
{Heap before GC invocations=5 (full 0):
 PSYoungGen      total 132096K, used 55893K [0x00000000d7100000, 0x00000000df700000, 0x0000000100000000)
  eden space 126976K, 39% used [0x00000000d7100000,0x00000000da299440,0x00000000ded00000)
  from space 5120K, 99% used [0x00000000df200000,0x00000000df6fc030,0x00000000df700000)
  to   space 5120K, 0% used [0x00000000ded00000,0x00000000ded00000,0x00000000df200000)
 ParOldGen       total 84992K, used 7689K [0x0000000085200000, 0x000000008a500000, 0x00000000d7100000)
  object space 84992K, 9% used [0x0000000085200000,0x00000000859826a8,0x000000008a500000)
 Metaspace       used 20563K, capacity 21086K, committed 21248K, reserved 1069056K
  class space    used 2338K, capacity 2475K, committed 2560K, reserved 1048576K

Deoptimization events (10 events):
Event: 2,722 Thread 0x00007fe44c008000 Uncommon trap: reason=class_check action=maybe_recompile pc=0x00007fe43d1c4124 method=sun.misc.URLClassPath.getLoader(I)Lsun/misc/URLClassPath$Loader; @ 94
Event: 2,724 Thread 0x00007fe44c008000 Uncommon trap: reason=class_check action=maybe_recompile pc=0x00007fe43d1c4124 method=sun.misc.URLClassPath.getLoader(I)Lsun/misc/URLClassPath$Loader; @ 94
Event: 2,726 Thread 0x00007fe44c008000 Uncommon trap: reason=unstable_if action=reinterpret pc=0x00007fe43d8796f0 method=java.nio.charset.CharsetDecoder.decode(Ljava/nio/ByteBuffer;Ljava/nio/CharBuffer;Z)Ljava/nio/charset/CoderResult; @ 1
Event: 2,771 Thread 0x00007fe44c008000 Uncommon trap: reason=unstable_if action=reinterpret pc=0x00007fe43d2e1b20 method=java.lang.CharacterDataLatin1.isWhitespace(I)Z @ 14
Event: 2,870 Thread 0x00007fe44c008000 Uncommon trap: reason=unstable_if action=reinterpret pc=0x00007fe43d935c8c method=com.sun.tools.javac.util.Name$Table.equals([BI[BII)Z @ 22
Event: 3,073 Thread 0x00007fe44c008000 Uncommon trap: reason=unstable_if action=reinterpret pc=0x00007fe43d8fe65c method=com.sun.tools.javac.util.Name$Table.equals([BI[BII)Z @ 22
Event: 3,114 Thread 0x00007fe44c008000 Uncommon trap: reason=bimorphic action=maybe_recompile pc=0x00007fe43d8b6110 method=java.util.HashMap.putVal(ILjava/lang/Object;Ljava/lang/Object;ZZ)Ljava/lang/Object; @ 253
Event: 3,114 Thread 0x00007fe44c008000 Uncommon trap: reason=bimorphic action=maybe_recompile pc=0x00007fe43d8b6110 method=java.util.HashMap.putVal(ILjava/lang/Object;Ljava/lang/Object;ZZ)Ljava/lang/Object; @ 253
Event: 3,205 Thread 0x00007fe44c008000 Uncommon trap: reason=unstable_if action=reinterpret pc=0x00007fe43da5e950 method=com.sun.tools.javac.code.Scope.getIndex(Lcom/sun/tools/javac/util/Name;)I @ 65
Event: 3,330 Thread 0x00007fe44c008000 Uncommon trap: reason=unstable_if action=reinterpret pc=0x00007fe43db4ab38 method=com.sun.tools.javac.code.Symbol$ClassSymbol.flags()J @ 4

Internal exceptions (10 events):
Event: 1,295 Thread 0x00007fe44c008000 Implicit null exception at 0x00007fe43d3532f5 to 0x00007fe43d3534fd
Event: 1,296 Thread 0x00007fe44c008000 Implicit null exception at 0x00007fe43d2a972f to 0x00007fe43d2a9799
Event: 1,324 Thread 0x00007fe44c008000 Implicit null exception at 0x00007fe43d5caeb5 to 0x00007fe43d5cb7d5
Event: 1,612 Thread 0x00007fe44c008000 Implicit null exception at 0x00007fe43d5a753b to 0x00007fe43d5a7b2d
Event: 1,836 Thread 0x00007fe44c008000 Exception <a 'java/lang/NoClassDefFoundError': org/slf4j/Logger> (0x00000000d7dd5e00) thrown at [/build/openjdk-8-vT_67x/openjdk-8-8u91-b14/src/hotspot/src/share/vm/oops/constantPool.cpp, line 235]
Event: 2,293 Thread 0x00007fe44c008000 Exception <a 'java/lang/NoClassDefFoundError': org/slf4j/Logger> (0x00000000da8bba50) thrown at [/build/openjdk-8-vT_67x/openjdk-8-8u91-b14/src/hotspot/src/share/vm/oops/constantPool.cpp, line 235]
Event: 2,361 Thread 0x00007fe44c008000 Exception <a 'java/lang/ClassNotFoundException': com/sun/tools/javac/api/JavacTool> (0x00000000dae1c7a8) thrown at [/build/openjdk-8-vT_67x/openjdk-8-8u91-b14/src/hotspot/src/share/vm/classfile/systemDictionary.cpp, line 210]
Event: 2,942 Thread 0x00007fe44c008000 Exception <a 'java/io/FileNotFoundException'> (0x00000000d8a40698) thrown at [/build/openjdk-8-vT_67x/openjdk-8-8u91-b14/src/hotspot/src/share/vm/prims/jni.cpp, line 709]
Event: 2,944 Thread 0x00007fe44c008000 Exception <a 'java/io/FileNotFoundException'> (0x00000000d8a66470) thrown at [/build/openjdk-8-vT_67x/openjdk-8-8u91-b14/src/hotspot/src/share/vm/prims/jni.cpp, line 709]
Event: 2,944 Thread 0x00007fe44c008000 Exception <a 'java/io/FileNotFoundException'> (0x00000000d8a67060) thrown at [/build/openjdk-8-vT_67x/openjdk-8-8u91-b14/src/hotspot/src/share/vm/prims/jni.cpp, line 709]

Events (10 events):
Event: 3,331 loading class com/sun/tools/javac/code/Kinds done
Event: 3,332 loading class com/sun/tools/javac/code/Kinds$1
Event: 3,332 loading class com/sun/tools/javac/code/Kinds$1 done
Event: 3,332 loading class com/sun/tools/javac/code/Kinds$KindName
Event: 3,332 loading class com/sun/tools/javac/code/Kinds$KindName done
Event: 3,332 loading class com/sun/tools/javac/comp/Check$9
Event: 3,332 loading class com/sun/tools/javac/comp/Check$9 done
Event: 3,390 Executing VM operation: ForceSafepoint
Event: 3,390 Executing VM operation: ForceSafepoint done
Event: 3,410 Executing VM operation: CollectForMetadataAllocation


Dynamic libraries:
00400000-00401000 r-xp 00000000 08:01 2127660                            /usr/lib/jvm/java-8-openjdk-amd64/jre/bin/java
00600000-00601000 r--p 00000000 08:01 2127660                            /usr/lib/jvm/java-8-openjdk-amd64/jre/bin/java
00601000-00602000 rw-p 00001000 08:01 2127660                            /usr/lib/jvm/java-8-openjdk-amd64/jre/bin/java
0112d000-0114e000 rw-p 00000000 00:00 0                                  [heap]
85200000-8a500000 rw-p 00000000 00:00 0 
8a500000-d7100000 ---p 00000000 00:00 0 
d7100000-df700000 rw-p 00000000 00:00 0 
e8700000-100000000 ---p 00000000 00:00 0 
100000000-100280000 rw-p 00000000 00:00 0 
100280000-140000000 ---p 00000000 00:00 0 
7fe400000000-7fe400021000 rw-p 00000000 00:00 0 
7fe400021000-7fe404000000 ---p 00000000 00:00 0 
7fe404000000-7fe404021000 rw-p 00000000 00:00 0 
7fe404021000-7fe408000000 ---p 00000000 00:00 0 
7fe408000000-7fe40912f000 rw-p 00000000 00:00 0 
7fe40912f000-7fe40c000000 ---p 00000000 00:00 0 
7fe40c000000-7fe40cd50000 rw-p 00000000 00:00 0 
7fe40cd50000-7fe410000000 ---p 00000000 00:00 0 
7fe410000000-7fe410021000 rw-p 00000000 00:00 0 
7fe410021000-7fe414000000 ---p 00000000 00:00 0 
7fe414000000-7fe4152a0000 rw-p 00000000 00:00 0 
7fe4152a0000-7fe418000000 ---p 00000000 00:00 0 
7fe418000000-7fe418021000 rw-p 00000000 00:00 0 
7fe418021000-7fe41c000000 ---p 00000000 00:00 0 
7fe41c000000-7fe41c021000 rw-p 00000000 00:00 0 
7fe41c021000-7fe420000000 ---p 00000000 00:00 0 
7fe420000000-7fe420021000 rw-p 00000000 00:00 0 
7fe420021000-7fe424000000 ---p 00000000 00:00 0 
7fe424000000-7fe424021000 rw-p 00000000 00:00 0 
7fe424021000-7fe428000000 ---p 00000000 00:00 0 
7fe428000000-7fe428021000 rw-p 00000000 00:00 0 
7fe428021000-7fe42c000000 ---p 00000000 00:00 0 
7fe42c56b000-7fe42c5ac000 rw-p 00000000 00:00 0 
7fe42c5ac000-7fe42c76c000 ---p 00000000 00:00 0 
7fe42c76c000-7fe42c77c000 r--s 000a8000 08:01 4727161                    /home/abidech/.m2/repository/org/apache/commons/commons-collections4/4.1/commons-collections4-4.1.jar
7fe42c77c000-7fe42c787000 r--s 00065000 08:01 6947305                    /home/abidech/.m2/repository/ch/qos/logback/logback-core/1.1.3/logback-core-1.1.3.jar
7fe42c787000-7fe42c78d000 r--s 0003f000 08:01 6947304                    /home/abidech/.m2/repository/ch/qos/logback/logback-classic/1.1.3/logback-classic-1.1.3.jar
7fe42c78d000-7fe42c78f000 r--s 0000c000 08:01 3023039                    /home/abidech/.m2/repository/fr/lirmm/graphik/graal-rules-analyser/1.2.1-SNAPSHOT/graal-rules-analyser-1.2.1-SNAPSHOT.jar
7fe42c78f000-7fe42c791000 r--s 00006000 08:01 3022225                    /home/abidech/.m2/repository/fr/lirmm/graphik/graal-forward-chaining/1.2.1-SNAPSHOT/graal-forward-chaining-1.2.1-SNAPSHOT.jar
7fe42c791000-7fe42c792000 r--s 00008000 08:01 3023022                    /home/abidech/.m2/repository/fr/lirmm/graphik/graal-backward-chaining/1.2.1-SNAPSHOT/graal-backward-chaining-1.2.1-SNAPSHOT.jar
7fe42c792000-7fe42c794000 r--s 0000e000 08:01 3019676                    /home/abidech/.m2/repository/fr/lirmm/graphik/dlgp2-parser/1.0.0/dlgp2-parser-1.0.0.jar
7fe42c794000-7fe42c795000 r--s 00004000 08:01 3019900                    /home/abidech/.m2/repository/fr/lirmm/graphik/graal-io-dlgp/1.2.1-SNAPSHOT/graal-io-dlgp-1.2.1-SNAPSHOT.jar
7fe42c795000-7fe42c798000 r--s 0001b000 08:01 3018761                    /home/abidech/.m2/repository/fr/lirmm/graphik/graal-core/1.2.1-SNAPSHOT/graal-core-1.2.1-SNAPSHOT.jar
7fe42c798000-7fe42c79b000 r--s 00012000 08:01 3019910                    /home/abidech/.m2/repository/fr/lirmm/graphik/graal-homomorphism/1.2.1-SNAPSHOT/graal-homomorphism-1.2.1-SNAPSHOT.jar
7fe42c79b000-7fe42c7a3000 r--s 0004a000 08:01 6031350                    /home/abidech/.m2/repository/org/jgrapht/jgrapht-core/0.9.0/jgrapht-core-0.9.0.jar
7fe42c7a3000-7fe42c7aa000 r--s 0005e000 08:01 5507090                    /home/abidech/.m2/repository/org/apache/commons/commons-lang3/3.3.2/commons-lang3-3.3.2.jar
7fe42c7aa000-7fe42c7ad000 r--s 0000d000 08:01 3018130                    /home/abidech/.m2/repository/fr/lirmm/graphik/graal-util/1.2.1-SNAPSHOT/graal-util-1.2.1-SNAPSHOT.jar
7fe42c7ad000-7fe42c7af000 r--s 00006000 08:01 6305695                    /home/abidech/.m2/repository/org/slf4j/slf4j-api/1.7.7/slf4j-api-1.7.7.jar
7fe42c7af000-7fe42c7b2000 r--s 0000a000 08:01 3018291                    /home/abidech/.m2/repository/fr/lirmm/graphik/graal-api/1.2.1-SNAPSHOT/graal-api-1.2.1-SNAPSHOT.jar
7fe42c7b2000-7fe42c9b2000 rw-p 00000000 00:00 0 
7fe42c9b2000-7fe42cbb2000 rw-p 00000000 00:00 0 
7fe42cbb2000-7fe42cc2b000 r--s 010e9000 08:01 2127817                    /usr/lib/jvm/java-8-openjdk-amd64/lib/tools.jar
7fe42cc2b000-7fe42cc2c000 r--s 00004000 08:01 6040466                    /home/abidech/.m2/repository/org/codehaus/plexus/plexus-compiler-javac/2.7/plexus-compiler-javac-2.7.jar
7fe42cc2c000-7fe42cc2e000 r--s 00000000 08:01 6040465                    /home/abidech/.m2/repository/org/codehaus/plexus/plexus-compiler-manager/2.7/plexus-compiler-manager-2.7.jar
7fe42cc2e000-7fe42cc30000 r--s 00005000 08:01 5906162                    /home/abidech/.m2/repository/org/codehaus/plexus/plexus-compiler-api/2.7/plexus-compiler-api-2.7.jar
7fe42cc30000-7fe42cc32000 r--s 00002000 08:01 5390497                    /home/abidech/.m2/repository/org/apache/maven/shared/maven-shared-incremental/1.1/maven-shared-incremental-1.1.jar
7fe42cc32000-7fe42cc34000 r--s 00006000 08:01 5390495                    /home/abidech/.m2/repository/com/google/code/findbugs/jsr305/2.0.1/jsr305-2.0.1.jar
7fe42cc34000-7fe42cc38000 r--s 0002a000 08:01 6821046                    /home/abidech/.m2/repository/commons-io/commons-io/2.4/commons-io-2.4.jar
7fe42cc38000-7fe42cc3b000 r--s 00023000 08:01 5250964                    /home/abidech/.m2/repository/org/apache/maven/shared/maven-shared-utils/3.0.0/maven-shared-utils-3.0.0.jar
7fe42cc3b000-7fe42cc3d000 r--s 00002000 08:01 5780113                    /home/abidech/.m2/repository/org/sonatype/plexus/plexus-cipher/1.4/plexus-cipher-1.4.jar
7fe42cc3d000-7fe42cc3e000 r--s 00006000 08:01 5646372                    /home/abidech/.m2/repository/org/sonatype/plexus/plexus-sec-dispatcher/1.3/plexus-sec-dispatcher-1.3.jar
7fe42cc3e000-7fe42cc40000 r--s 00000000 08:01 5780021                    /home/abidech/.m2/repository/org/codehaus/plexus/plexus-component-annotations/1.5.5/plexus-component-annotations-1.5.5.jar
7fe42cc40000-7fe42cc42000 r--s 0000d000 08:01 6693629                    /home/abidech/.m2/repository/org/codehaus/plexus/plexus-interpolation/1.14/plexus-interpolation-1.14.jar
7fe42cc42000-7fe42cc46000 r--s 00017000 08:01 4849720                    /home/abidech/.m2/repository/org/sonatype/aether/aether-util/1.7/aether-util-1.7.jar
7fe42cc46000-7fe42cc4a000 r--s 00033000 08:01 4722412                    /home/abidech/.m2/repository/org/codehaus/plexus/plexus-utils/2.0.4/plexus-utils-2.0.4.jar
7fe42cc4a000-7fe42cc55000 r--s 00069000 08:01 4849718                    /home/abidech/.m2/repository/org/sonatype/sisu/sisu-guice/2.1.7/sisu-guice-2.1.7-noaop.jar
7fe42cc55000-7fe42cc5a000 r--s 00021000 08:01 4849712                    /home/abidech/.m2/repository/org/sonatype/sisu/sisu-inject-bean/1.4.2/sisu-inject-bean-1.4.2.jar
7fe42cc5a000-7fe42cc5c000 r--s 0000b000 08:01 4597555                    /home/abidech/.m2/repository/org/apache/maven/plugins/maven-compiler-plugin/3.5.1/maven-compiler-plugin-3.5.1.jar
7fe42cc5c000-7fe42cc5e000 r--s 0000b000 08:01 6031418                    /home/abidech/.m2/repository/org/codehaus/plexus/plexus-interpolation/1.6/plexus-interpolation-1.6.jar
7fe42cc5e000-7fe42cc60000 r--s 00002000 08:01 5252787                    /home/abidech/.m2/repository/org/codehaus/plexus/plexus-interactivity-api/1.0-alpha-4/plexus-interactivity-api-1.0-alpha-4.jar
7fe42cc60000-7fe42cc62000 r--s 00006000 08:01 5252786                    /home/abidech/.m2/repository/commons-cli/commons-cli/1.0/commons-cli-1.0.jar
7fe42cc62000-7fe42cc64000 r--s 00007000 08:01 6031417                    /home/abidech/.m2/repository/org/apache/maven/shared/maven-filtering/1.0-beta-2/maven-filtering-1.0-beta-2.jar
7fe42cc64000-7fe42cc69000 r--s 00039000 08:01 6431907                    /home/abidech/.m2/repository/org/codehaus/plexus/plexus-utils/1.5.6/plexus-utils-1.5.6.jar
7fe42cc69000-7fe42cc6c000 r--s 0001b000 08:01 4991826                    /home/abidech/.m2/repository/junit/junit/3.8.1/junit-3.8.1.jar
7fe42cc6c000-7fe42cc6e000 r--s 00004000 08:01 4600812                    /home/abidech/.m2/repository/org/apache/maven/plugins/maven-resources-plugin/2.3/maven-resources-plugin-2.3.jar
7fe42cc6e000-7fe42ce6e000 rw-p 00000000 00:00 0 
7fe42ce6e000-7fe42ce7f000 r-xp 00000000 08:01 2127709                    /usr/lib/jvm/java-8-openjdk-amd64/jre/lib/amd64/libnio.so
7fe42ce7f000-7fe42d07e000 ---p 00011000 08:01 2127709                    /usr/lib/jvm/java-8-openjdk-amd64/jre/lib/amd64/libnio.so
7fe42d07e000-7fe42d07f000 r--p 00010000 08:01 2127709                    /usr/lib/jvm/java-8-openjdk-amd64/jre/lib/amd64/libnio.so
7fe42d07f000-7fe42d080000 rw-p 00011000 08:01 2127709                    /usr/lib/jvm/java-8-openjdk-amd64/jre/lib/amd64/libnio.so
7fe42d080000-7fe42d096000 r-xp 00000000 08:01 2127685                    /usr/lib/jvm/java-8-openjdk-amd64/jre/lib/amd64/libnet.so
7fe42d096000-7fe42d296000 ---p 00016000 08:01 2127685                    /usr/lib/jvm/java-8-openjdk-amd64/jre/lib/amd64/libnet.so
7fe42d296000-7fe42d297000 r--p 00016000 08:01 2127685                    /usr/lib/jvm/java-8-openjdk-amd64/jre/lib/amd64/libnet.so
7fe42d297000-7fe42d298000 rw-p 00017000 08:01 2127685                    /usr/lib/jvm/java-8-openjdk-amd64/jre/lib/amd64/libnet.so
7fe42d298000-7fe42d498000 rw-p 00000000 00:00 0 
7fe42d498000-7fe42d49c000 r--s 00097000 08:01 2127747                    /usr/lib/jvm/java-8-openjdk-amd64/jre/lib/jsse.jar
7fe42d49c000-7fe42d69c000 rw-p 00000000 00:00 0 
7fe42d69c000-7fe42d69e000 r--s 0000e000 08:01 667127                     /usr/share/java/plexus-interpolation.jar
7fe42d69e000-7fe42d6aa000 r--s 0007c000 08:01 668243                     /usr/share/java/maven3-core-3.0.5.jar
7fe42d6aa000-7fe42d6ae000 r--s 0001c000 08:01 6820004                    /usr/share/maven-repo/org/sonatype/aether/aether-util/1.13.1/aether-util-1.13.1.jar
7fe42d6ae000-7fe42d6b0000 r--s 00006000 08:01 6820039                    /usr/share/maven-repo/org/sonatype/aether/aether-connector-wagon/1.13.1/aether-connector-wagon-1.13.1.jar
7fe42d6b0000-7fe42d6b2000 r--s 00008000 08:01 668364                     /usr/share/java/maven3-embedder-3.0.5.jar
7fe42d6b2000-7fe42d6b4000 r--s 00005000 08:01 668366                     /usr/share/java/maven3-repository-metadata-3.0.5.jar
7fe42d6b4000-7fe42d6b8000 r--s 00020000 08:01 668374                     /usr/share/java/maven3-model-builder-3.0.5.jar
7fe42d6b8000-7fe42d6bb000 r--s 00013000 08:01 6820021                    /usr/share/maven-repo/org/sonatype/aether/aether-api/1.13.1/aether-api-1.13.1.jar
7fe42d6bb000-7fe42d6c7000 r--s 00082000 08:01 668109                     /usr/share/java/sisu-guice.jar
7fe42d6c7000-7fe42d6c9000 r--s 00025000 08:01 668242                     /usr/share/java/maven3-model-3.0.5.jar
7fe42d6c9000-7fe42d6cb000 r--s 00000000 08:01 668098                     /usr/share/java/plexus-component-annotations-1.5-1.5.5.jar
7fe42d6cb000-7fe42d6e7000 r--s 00110000 08:01 668223                     /usr/share/java/wagon-http-shaded-2.x.jar
7fe42d6e7000-7fe42d710000 r--s 001e9000 08:01 667109                     /usr/share/java/guava.jar
7fe42d710000-7fe42d72c000 r--s 00393000 08:01 2127738                    /usr/lib/jvm/java-8-openjdk-amd64/jre/lib/ext/cldrdata.jar
7fe42d72c000-7fe42d72d000 ---p 00000000 00:00 0 
7fe42d72d000-7fe42d82d000 rw-p 00000000 00:00 0 
7fe42d82d000-7fe42d830000 ---p 00000000 00:00 0 
7fe42d830000-7fe42d92e000 rw-p 00000000 00:00 0 
7fe42d92e000-7fe42d931000 ---p 00000000 00:00 0 
7fe42d931000-7fe42da2f000 rw-p 00000000 00:00 0 
7fe42da2f000-7fe42da32000 ---p 00000000 00:00 0 
7fe42da32000-7fe42db30000 rw-p 00000000 00:00 0 
7fe42db30000-7fe42db33000 ---p 00000000 00:00 0 
7fe42db33000-7fe42dc31000 rw-p 00000000 00:00 0 
7fe42dc31000-7fe42dc34000 ---p 00000000 00:00 0 
7fe42dc34000-7fe42dd32000 rw-p 00000000 00:00 0 
7fe42dd32000-7fe42e419000 r--p 00000000 08:01 138203                     /usr/lib/locale/locale-archive
7fe42e419000-7fe42e41c000 ---p 00000000 00:00 0 
7fe42e41c000-7fe42e51a000 rw-p 00000000 00:00 0 
7fe42e51a000-7fe42e51d000 ---p 00000000 00:00 0 
7fe42e51d000-7fe42e61b000 rw-p 00000000 00:00 0 
7fe42e61b000-7fe42e61c000 ---p 00000000 00:00 0 
7fe42e61c000-7fe430000000 rw-p 00000000 00:00 0 
7fe430000000-7fe430021000 rw-p 00000000 00:00 0 
7fe430021000-7fe434000000 ---p 00000000 00:00 0 
7fe434000000-7fe434001000 r--s 00001000 08:01 5118415                    /home/abidech/.m2/repository/org/apache/maven/doxia/doxia-sink-api/1.0-alpha-7/doxia-sink-api-1.0-alpha-7.jar
7fe434001000-7fe434003000 r--s 00002000 08:01 667816                     /usr/share/java/plexus-cipher.jar
7fe434003000-7fe434009000 r--s 0002c000 08:01 668113                     /usr/share/java/sisu-inject-plexus.jar
7fe434009000-7fe434010000 r--s 0003b000 08:01 663386                     /usr/share/java/commons-codec-1.9.jar
7fe434010000-7fe43402b000 r--s 001d7000 08:01 2127736                    /usr/lib/jvm/java-8-openjdk-amd64/jre/lib/ext/nashorn.jar
7fe43402b000-7fe438000000 rw-p 00000000 00:00 0 
7fe438000000-7fe438021000 rw-p 00000000 00:00 0 
7fe438021000-7fe43c000000 ---p 00000000 00:00 0 
7fe43c000000-7fe43c001000 r--s 00002000 08:01 5118414                    /home/abidech/.m2/repository/org/apache/maven/reporting/maven-reporting-api/2.0.6/maven-reporting-api-2.0.6.jar
7fe43c001000-7fe43c002000 r--s 00001000 08:01 668191                     /usr/share/java/wagon-file-2.x.jar
7fe43c002000-7fe43c004000 r--s 00007000 08:01 668369                     /usr/share/java/maven3-settings-builder-3.0.5.jar
7fe43c004000-7fe43c009000 r--s 00044000 08:01 663394                     /usr/share/java/commons-httpclient-3.1.jar
7fe43c009000-7fe43c00b000 r--s 00007000 08:01 663802                     /usr/share/java/commons-cli-1.2.jar
7fe43c00b000-7fe43c00f000 r--s 00033000 08:01 668091                     /usr/share/java/plexus-utils2-2.0.5.jar
7fe43c00f000-7fe43c012000 r--s 0001d000 08:01 6820033                    /usr/share/maven-repo/org/sonatype/aether/aether-impl/1.13.1/aether-impl-1.13.1.jar
7fe43c012000-7fe43c014000 r--s 0000b000 08:01 668241                     /usr/share/java/maven3-aether-provider-3.0.5.jar
7fe43c014000-7fe43c016000 r--s 00009000 08:01 668365                     /usr/share/java/maven3-settings-3.0.5.jar
7fe43c016000-7fe43c037000 rw-p 00000000 00:00 0 
7fe43c037000-7fe43c204000 r--s 03be7000 08:01 2127724                    /usr/lib/jvm/java-8-openjdk-amd64/jre/lib/rt.jar
7fe43c204000-7fe43c2d5000 rw-p 00000000 00:00 0 
7fe43c2d5000-7fe43c2d6000 ---p 00000000 00:00 0 
7fe43c2d6000-7fe43c3d6000 rw-p 00000000 00:00 0 
7fe43c3d6000-7fe43c3d7000 ---p 00000000 00:00 0 
7fe43c3d7000-7fe43c4d7000 rw-p 00000000 00:00 0 
7fe43c4d7000-7fe43c4d8000 ---p 00000000 00:00 0 
7fe43c4d8000-7fe43c602000 rw-p 00000000 00:00 0 
7fe43c602000-7fe43c868000 ---p 00000000 00:00 0 
7fe43c868000-7fe43c892000 rw-p 00000000 00:00 0 
7fe43c892000-7fe43caf7000 ---p 00000000 00:00 0 
7fe43caf7000-7fe43cb3b000 rw-p 00000000 00:00 0 
7fe43cb3b000-7fe43cc3f000 ---p 00000000 00:00 0 
7fe43cc3f000-7fe43cc70000 rw-p 00000000 00:00 0 
7fe43cc70000-7fe43d000000 ---p 00000000 00:00 0 
7fe43d000000-7fe43dc00000 rwxp 00000000 00:00 0 
7fe43dc00000-7fe44c000000 ---p 00000000 00:00 0 
7fe44c000000-7fe44ce16000 rw-p 00000000 00:00 0 
7fe44ce16000-7fe450000000 ---p 00000000 00:00 0 
7fe450000000-7fe450007000 r--s 00040000 08:01 668118                     /usr/share/java/sisu-inject-bean.jar
7fe450007000-7fe450008000 r--s 0000d000 08:01 663389                     /usr/share/java/commons-logging-1.1.3.jar
7fe450008000-7fe45000a000 r--s 0000a000 08:01 668190                     /usr/share/java/wagon-provider-api-2.x.jar
7fe45000a000-7fe450010000 r--s 0003e000 08:01 668370                     /usr/share/java/maven3-compat-3.0.5.jar
7fe450010000-7fe45001a000 r--s 00116000 08:01 2127744                    /usr/lib/jvm/java-8-openjdk-amd64/jre/lib/ext/localedata.jar
7fe45001a000-7fe45003b000 rw-p 00000000 00:00 0 
7fe45003b000-7fe45003c000 ---p 00000000 00:00 0 
7fe45003c000-7fe45013c000 rw-p 00000000 00:00 0 
7fe45013c000-7fe450144000 r-xp 00000000 08:01 2127692                    /usr/lib/jvm/java-8-openjdk-amd64/jre/lib/amd64/libzip.so
7fe450144000-7fe450343000 ---p 00008000 08:01 2127692                    /usr/lib/jvm/java-8-openjdk-amd64/jre/lib/amd64/libzip.so
7fe450343000-7fe450344000 r--p 00007000 08:01 2127692                    /usr/lib/jvm/java-8-openjdk-amd64/jre/lib/amd64/libzip.so
7fe450344000-7fe450345000 rw-p 00008000 08:01 2127692                    /usr/lib/jvm/java-8-openjdk-amd64/jre/lib/amd64/libzip.so
7fe450345000-7fe450371000 r-xp 00000000 08:01 2127677                    /usr/lib/jvm/java-8-openjdk-amd64/jre/lib/amd64/libjava.so
7fe450371000-7fe450571000 ---p 0002c000 08:01 2127677                    /usr/lib/jvm/java-8-openjdk-amd64/jre/lib/amd64/libjava.so
7fe450571000-7fe450572000 r--p 0002c000 08:01 2127677                    /usr/lib/jvm/java-8-openjdk-amd64/jre/lib/amd64/libjava.so
7fe450572000-7fe450574000 rw-p 0002d000 08:01 2127677                    /usr/lib/jvm/java-8-openjdk-amd64/jre/lib/amd64/libjava.so
7fe450574000-7fe450584000 r-xp 00000000 08:01 2127678                    /usr/lib/jvm/java-8-openjdk-amd64/jre/lib/amd64/libverify.so
7fe450584000-7fe450783000 ---p 00010000 08:01 2127678                    /usr/lib/jvm/java-8-openjdk-amd64/jre/lib/amd64/libverify.so
7fe450783000-7fe450785000 r--p 0000f000 08:01 2127678                    /usr/lib/jvm/java-8-openjdk-amd64/jre/lib/amd64/libverify.so
7fe450785000-7fe450786000 rw-p 00011000 08:01 2127678                    /usr/lib/jvm/java-8-openjdk-amd64/jre/lib/amd64/libverify.so
7fe450786000-7fe45078d000 r-xp 00000000 08:01 6308135                    /lib/x86_64-linux-gnu/librt-2.19.so
7fe45078d000-7fe45098c000 ---p 00007000 08:01 6308135                    /lib/x86_64-linux-gnu/librt-2.19.so
7fe45098c000-7fe45098d000 r--p 00006000 08:01 6308135                    /lib/x86_64-linux-gnu/librt-2.19.so
7fe45098d000-7fe45098e000 rw-p 00007000 08:01 6308135                    /lib/x86_64-linux-gnu/librt-2.19.so
7fe45098e000-7fe4509a4000 r-xp 00000000 08:01 6291555                    /lib/x86_64-linux-gnu/libgcc_s.so.1
7fe4509a4000-7fe450ba3000 ---p 00016000 08:01 6291555                    /lib/x86_64-linux-gnu/libgcc_s.so.1
7fe450ba3000-7fe450ba4000 rw-p 00015000 08:01 6291555                    /lib/x86_64-linux-gnu/libgcc_s.so.1
7fe450ba4000-7fe450ca9000 r-xp 00000000 08:01 6308121                    /lib/x86_64-linux-gnu/libm-2.19.so
7fe450ca9000-7fe450ea8000 ---p 00105000 08:01 6308121                    /lib/x86_64-linux-gnu/libm-2.19.so
7fe450ea8000-7fe450ea9000 r--p 00104000 08:01 6308121                    /lib/x86_64-linux-gnu/libm-2.19.so
7fe450ea9000-7fe450eaa000 rw-p 00105000 08:01 6308121                    /lib/x86_64-linux-gnu/libm-2.19.so
7fe450eaa000-7fe450f90000 r-xp 00000000 08:01 139932                     /usr/lib/x86_64-linux-gnu/libstdc++.so.6.0.19
7fe450f90000-7fe45118f000 ---p 000e6000 08:01 139932                     /usr/lib/x86_64-linux-gnu/libstdc++.so.6.0.19
7fe45118f000-7fe451197000 r--p 000e5000 08:01 139932                     /usr/lib/x86_64-linux-gnu/libstdc++.so.6.0.19
7fe451197000-7fe451199000 rw-p 000ed000 08:01 139932                     /usr/lib/x86_64-linux-gnu/libstdc++.so.6.0.19
7fe451199000-7fe4511ae000 rw-p 00000000 00:00 0 
7fe4511ae000-7fe451d9c000 r-xp 00000000 08:01 2127690                    /usr/lib/jvm/java-8-openjdk-amd64/jre/lib/amd64/server/libjvm.so
7fe451d9c000-7fe451f9c000 ---p 00bee000 08:01 2127690                    /usr/lib/jvm/java-8-openjdk-amd64/jre/lib/amd64/server/libjvm.so
7fe451f9c000-7fe45203a000 r--p 00bee000 08:01 2127690                    /usr/lib/jvm/java-8-openjdk-amd64/jre/lib/amd64/server/libjvm.so
7fe45203a000-7fe452063000 rw-p 00c8c000 08:01 2127690                    /usr/lib/jvm/java-8-openjdk-amd64/jre/lib/amd64/server/libjvm.so
7fe452063000-7fe452095000 rw-p 00000000 00:00 0 
7fe452095000-7fe4520ae000 r-xp 00000000 08:01 6308128                    /lib/x86_64-linux-gnu/libpthread-2.19.so
7fe4520ae000-7fe4522ad000 ---p 00019000 08:01 6308128                    /lib/x86_64-linux-gnu/libpthread-2.19.so
7fe4522ad000-7fe4522ae000 r--p 00018000 08:01 6308128                    /lib/x86_64-linux-gnu/libpthread-2.19.so
7fe4522ae000-7fe4522af000 rw-p 00019000 08:01 6308128                    /lib/x86_64-linux-gnu/libpthread-2.19.so
7fe4522af000-7fe4522b3000 rw-p 00000000 00:00 0 
7fe4522b3000-7fe4522b6000 r-xp 00000000 08:01 6308123                    /lib/x86_64-linux-gnu/libdl-2.19.so
7fe4522b6000-7fe4524b5000 ---p 00003000 08:01 6308123                    /lib/x86_64-linux-gnu/libdl-2.19.so
7fe4524b5000-7fe4524b6000 r--p 00002000 08:01 6308123                    /lib/x86_64-linux-gnu/libdl-2.19.so
7fe4524b6000-7fe4524b7000 rw-p 00003000 08:01 6308123                    /lib/x86_64-linux-gnu/libdl-2.19.so
7fe4524b7000-7fe4524cf000 r-xp 00000000 08:01 6295853                    /lib/x86_64-linux-gnu/libz.so.1.2.8
7fe4524cf000-7fe4526ce000 ---p 00018000 08:01 6295853                    /lib/x86_64-linux-gnu/libz.so.1.2.8
7fe4526ce000-7fe4526cf000 r--p 00017000 08:01 6295853                    /lib/x86_64-linux-gnu/libz.so.1.2.8
7fe4526cf000-7fe4526d0000 rw-p 00018000 08:01 6295853                    /lib/x86_64-linux-gnu/libz.so.1.2.8
7fe4526d0000-7fe45288a000 r-xp 00000000 08:01 6308136                    /lib/x86_64-linux-gnu/libc-2.19.so
7fe45288a000-7fe452a8a000 ---p 001ba000 08:01 6308136                    /lib/x86_64-linux-gnu/libc-2.19.so
7fe452a8a000-7fe452a8e000 r--p 001ba000 08:01 6308136                    /lib/x86_64-linux-gnu/libc-2.19.so
7fe452a8e000-7fe452a90000 rw-p 001be000 08:01 6308136                    /lib/x86_64-linux-gnu/libc-2.19.so
7fe452a90000-7fe452a95000 rw-p 00000000 00:00 0 
7fe452a95000-7fe452aa2000 r-xp 00000000 08:01 2127706                    /usr/lib/jvm/java-8-openjdk-amd64/jre/lib/amd64/jli/libjli.so
7fe452aa2000-7fe452ca2000 ---p 0000d000 08:01 2127706                    /usr/lib/jvm/java-8-openjdk-amd64/jre/lib/amd64/jli/libjli.so
7fe452ca2000-7fe452ca3000 r--p 0000d000 08:01 2127706                    /usr/lib/jvm/java-8-openjdk-amd64/jre/lib/amd64/jli/libjli.so
7fe452ca3000-7fe452ca4000 rw-p 0000e000 08:01 2127706                    /usr/lib/jvm/java-8-openjdk-amd64/jre/lib/amd64/jli/libjli.so
7fe452ca4000-7fe452cc7000 r-xp 00000000 08:01 6308129                    /lib/x86_64-linux-gnu/ld-2.19.so
7fe452cc7000-7fe452cc8000 r--s 00003000 08:01 6820016                    /usr/share/maven-repo/org/sonatype/aether/aether-spi/1.13.1/aether-spi-1.13.1.jar
7fe452cc8000-7fe452cc9000 r--s 00006000 08:01 667820                     /usr/share/java/plexus-sec-dispatcher.jar
7fe452cc9000-7fe452ccb000 r--s 00009000 08:01 668373                     /usr/share/java/maven3-plugin-api-3.0.5.jar
7fe452ccb000-7fe452ccd000 r--s 0000a000 08:01 668367                     /usr/share/java/maven3-artifact-3.0.5.jar
7fe452ccd000-7fe452d69000 rw-p 00000000 00:00 0 
7fe452d69000-7fe452d9e000 r--s 00000000 08:01 2894389                    /var/cache/nscd/passwd
7fe452d9e000-7fe452da1000 ---p 00000000 00:00 0 
7fe452da1000-7fe452ea4000 rw-p 00000000 00:00 0 
7fe452ea4000-7fe452ea6000 r--s 0000a000 08:01 667101                     /usr/share/java/plexus-classworlds2-2.5.1.jar
7fe452ea6000-7fe452eac000 r--s 0003a000 08:01 2127742                    /usr/lib/jvm/java-8-openjdk-amd64/jre/lib/ext/sunjce_provider.jar
7fe452eac000-7fe452eaf000 r--s 0000f000 08:01 2127743                    /usr/lib/jvm/java-8-openjdk-amd64/jre/lib/ext/icedtea-sound.jar
7fe452eaf000-7fe452eb1000 r--s 00006000 08:01 663373                     /usr/share/java/java-atk-wrapper.jar
7fe452eb1000-7fe452eb2000 r--s 00008000 08:01 2127739                    /usr/lib/jvm/java-8-openjdk-amd64/jre/lib/ext/sunec.jar
7fe452eb2000-7fe452eb4000 r--s 00001000 08:01 2127737                    /usr/lib/jvm/java-8-openjdk-amd64/jre/lib/ext/dnsns.jar
7fe452eb4000-7fe452eb5000 r--s 0000a000 08:01 2127740                    /usr/lib/jvm/java-8-openjdk-amd64/jre/lib/ext/jaccess.jar
7fe452eb5000-7fe452eb9000 r--s 00037000 08:01 2127745                    /usr/lib/jvm/java-8-openjdk-amd64/jre/lib/ext/sunpkcs11.jar
7fe452eb9000-7fe452eba000 r--s 00010000 08:01 2127741                    /usr/lib/jvm/java-8-openjdk-amd64/jre/lib/ext/zipfs.jar
7fe452eba000-7fe452ec2000 rw-s 00000000 08:01 679381                     /tmp/hsperfdata_abidech/10269
7fe452ec2000-7fe452ec3000 rw-p 00000000 00:00 0 
7fe452ec3000-7fe452ec4000 ---p 00000000 00:00 0 
7fe452ec4000-7fe452ec6000 rw-p 00000000 00:00 0 
7fe452ec6000-7fe452ec7000 r--p 00022000 08:01 6308129                    /lib/x86_64-linux-gnu/ld-2.19.so
7fe452ec7000-7fe452ec8000 rw-p 00023000 08:01 6308129                    /lib/x86_64-linux-gnu/ld-2.19.so
7fe452ec8000-7fe452ec9000 rw-p 00000000 00:00 0 
7ffdef598000-7ffdef5b9000 rw-p 00000000 00:00 0                          [stack]
7ffdef5c6000-7ffdef5c8000 r--p 00000000 00:00 0                          [vvar]
7ffdef5c8000-7ffdef5ca000 r-xp 00000000 00:00 0                          [vdso]
ffffffffff600000-ffffffffff601000 r-xp 00000000 00:00 0                  [vsyscall]

VM Arguments:
jvm_args: -Dclassworlds.conf=/usr/share/maven/bin/m2.conf -Dmaven.home=/usr/share/maven 
java_command: org.codehaus.plexus.classworlds.launcher.Launcher package install
java_class_path (initial): /usr/share/maven/boot/plexus-classworlds-2.x.jar
Launcher Type: SUN_STANDARD

Environment Variables:
JAVA_HOME=/usr/lib/jvm/java-8-openjdk-amd64
PATH=/home/abidech/anaconda2/bin:/opt/texbin:/usr/local/sbin:/usr/local/bin:/usr/sbin:/usr/bin:/sbin:/bin:/usr/games:/usr/local/games:/opt/android-sdk-linux/tools:/opt/android-sdk-linux/platform-tools
SHELL=/bin/bash
DISPLAY=:0

Signal Handlers:
SIGSEGV: [libjvm.so+0x9f6230], sa_mask[0]=11111111011111111101111111111110, sa_flags=SA_RESTART|SA_SIGINFO
SIGBUS: [libjvm.so+0x9f6230], sa_mask[0]=11111111011111111101111111111110, sa_flags=SA_RESTART|SA_SIGINFO
SIGFPE: [libjvm.so+0x856c80], sa_mask[0]=11111111011111111101111111111110, sa_flags=SA_RESTART|SA_SIGINFO
SIGPIPE: [libjvm.so+0x856c80], sa_mask[0]=11111111011111111101111111111110, sa_flags=SA_RESTART|SA_SIGINFO
SIGXFSZ: [libjvm.so+0x856c80], sa_mask[0]=11111111011111111101111111111110, sa_flags=SA_RESTART|SA_SIGINFO
SIGILL: [libjvm.so+0x856c80], sa_mask[0]=11111111011111111101111111111110, sa_flags=SA_RESTART|SA_SIGINFO
SIGUSR1: SIG_DFL, sa_mask[0]=00000000000000000000000000000000, sa_flags=none
SIGUSR2: [libjvm.so+0x856b50], sa_mask[0]=00000000000000000000000000000000, sa_flags=SA_RESTART|SA_SIGINFO
SIGHUP: [libjvm.so+0x856d40], sa_mask[0]=11111111011111111101111111111110, sa_flags=SA_RESTART|SA_SIGINFO
SIGINT: [libjvm.so+0x856d40], sa_mask[0]=11111111011111111101111111111110, sa_flags=SA_RESTART|SA_SIGINFO
SIGTERM: [libjvm.so+0x856d40], sa_mask[0]=11111111011111111101111111111110, sa_flags=SA_RESTART|SA_SIGINFO
SIGQUIT: [libjvm.so+0x856d40], sa_mask[0]=11111111011111111101111111111110, sa_flags=SA_RESTART|SA_SIGINFO


---------------  S Y S T E M  ---------------

OS:DISTRIB_ID=Ubuntu
DISTRIB_RELEASE=14.04
DISTRIB_CODENAME=trusty
DISTRIB_DESCRIPTION="Ubuntu 14.04.5 LTS"

uname:Linux 3.19.0-68-generic #76~14.04.1-Ubuntu SMP Fri Aug 12 11:46:25 UTC 2016 x86_64
libc:glibc 2.19 NPTL 2.19 
rlimit: STACK 8192k, CORE 0k, NPROC 31354, NOFILE 4096, AS infinity
load average:0,68 0,59 0,56

/proc/meminfo:
MemTotal:        8048020 kB
MemFree:          118708 kB
MemAvailable:      90244 kB
Buffers:            9352 kB
Cached:          1593256 kB
SwapCached:            0 kB
Active:          6155560 kB
Inactive:        1499228 kB
Active(anon):    6121372 kB
Inactive(anon):  1466636 kB
Active(file):      34188 kB
Inactive(file):    32592 kB
Unevictable:         292 kB
Mlocked:             292 kB
SwapTotal:             0 kB
SwapFree:              0 kB
Dirty:               208 kB
Writeback:             0 kB
AnonPages:       6052844 kB
Mapped:           785144 kB
Shmem:           1535548 kB
Slab:              97804 kB
SReclaimable:      45216 kB
SUnreclaim:        52588 kB
KernelStack:       16192 kB
PageTables:        88424 kB
NFS_Unstable:          0 kB
Bounce:                0 kB
WritebackTmp:          0 kB
CommitLimit:     4024008 kB
Committed_AS:   18988556 kB
VmallocTotal:   34359738367 kB
VmallocUsed:      563860 kB
VmallocChunk:   34359107452 kB
HardwareCorrupted:     0 kB
AnonHugePages:   1165312 kB
CmaTotal:              0 kB
CmaFree:               0 kB
HugePages_Total:       0
HugePages_Free:        0
HugePages_Rsvd:        0
HugePages_Surp:        0
Hugepagesize:       2048 kB
DirectMap4k:      224768 kB
DirectMap2M:     8036352 kB
DirectMap1G:     1048576 kB


CPU:total 4 (2 cores per cpu, 2 threads per core) family 6 model 61 stepping 4, cmov, cx8, fxsr, mmx, sse, sse2, sse3, ssse3, sse4.1, sse4.2, popcnt, avx, avx2, aes, clmul, erms, rtm, 3dnowpref, lzcnt, ht, tsc, tscinvbit, bmi1, bmi2, adx

/proc/cpuinfo:
processor	: 0
vendor_id	: GenuineIntel
cpu family	: 6
model		: 61
model name	: Intel(R) Core(TM) i7-5600U CPU @ 2.60GHz
stepping	: 4
microcode	: 0x1f
cpu MHz		: 2908.242
cache size	: 4096 KB
physical id	: 0
siblings	: 4
core id		: 0
cpu cores	: 2
apicid		: 0
initial apicid	: 0
fpu		: yes
fpu_exception	: yes
cpuid level	: 20
wp		: yes
flags		: fpu vme de pse tsc msr pae mce cx8 apic sep mtrr pge mca cmov pat pse36 clflush dts acpi mmx fxsr sse sse2 ss ht tm pbe syscall nx pdpe1gb rdtscp lm constant_tsc arch_perfmon pebs bts rep_good nopl xtopology nonstop_tsc aperfmperf eagerfpu pni pclmulqdq dtes64 monitor ds_cpl vmx smx est tm2 ssse3 fma cx16 xtpr pdcm pcid sse4_1 sse4_2 x2apic movbe popcnt tsc_deadline_timer aes xsave avx f16c rdrand lahf_lm abm 3dnowprefetch ida arat epb pln pts dtherm tpr_shadow vnmi flexpriority ept vpid fsgsbase tsc_adjust bmi1 hle avx2 smep bmi2 erms invpcid rtm rdseed adx smap xsaveopt
bugs		:
bogomips	: 5187.98
clflush size	: 64
cache_alignment	: 64
address sizes	: 39 bits physical, 48 bits virtual
power management:

processor	: 1
vendor_id	: GenuineIntel
cpu family	: 6
model		: 61
model name	: Intel(R) Core(TM) i7-5600U CPU @ 2.60GHz
stepping	: 4
microcode	: 0x1f
cpu MHz		: 2916.671
cache size	: 4096 KB
physical id	: 0
siblings	: 4
core id		: 0
cpu cores	: 2
apicid		: 1
initial apicid	: 1
fpu		: yes
fpu_exception	: yes
cpuid level	: 20
wp		: yes
flags		: fpu vme de pse tsc msr pae mce cx8 apic sep mtrr pge mca cmov pat pse36 clflush dts acpi mmx fxsr sse sse2 ss ht tm pbe syscall nx pdpe1gb rdtscp lm constant_tsc arch_perfmon pebs bts rep_good nopl xtopology nonstop_tsc aperfmperf eagerfpu pni pclmulqdq dtes64 monitor ds_cpl vmx smx est tm2 ssse3 fma cx16 xtpr pdcm pcid sse4_1 sse4_2 x2apic movbe popcnt tsc_deadline_timer aes xsave avx f16c rdrand lahf_lm abm 3dnowprefetch ida arat epb pln pts dtherm tpr_shadow vnmi flexpriority ept vpid fsgsbase tsc_adjust bmi1 hle avx2 smep bmi2 erms invpcid rtm rdseed adx smap xsaveopt
bugs		:
bogomips	: 5187.98
clflush size	: 64
cache_alignment	: 64
address sizes	: 39 bits physical, 48 bits virtual
power management:

processor	: 2
vendor_id	: GenuineIntel
cpu family	: 6
model		: 61
model name	: Intel(R) Core(TM) i7-5600U CPU @ 2.60GHz
stepping	: 4
microcode	: 0x1f
cpu MHz		: 2893.820
cache size	: 4096 KB
physical id	: 0
siblings	: 4
core id		: 1
cpu cores	: 2
apicid		: 2
initial apicid	: 2
fpu		: yes
fpu_exception	: yes
cpuid level	: 20
wp		: yes
flags		: fpu vme de pse tsc msr pae mce cx8 apic sep mtrr pge mca cmov pat pse36 clflush dts acpi mmx fxsr sse sse2 ss ht tm pbe syscall nx pdpe1gb rdtscp lm constant_tsc arch_perfmon pebs bts rep_good nopl xtopology nonstop_tsc aperfmperf eagerfpu pni pclmulqdq dtes64 monitor ds_cpl vmx smx est tm2 ssse3 fma cx16 xtpr pdcm pcid sse4_1 sse4_2 x2apic movbe popcnt tsc_deadline_timer aes xsave avx f16c rdrand lahf_lm abm 3dnowprefetch ida arat epb pln pts dtherm tpr_shadow vnmi flexpriority ept vpid fsgsbase tsc_adjust bmi1 hle avx2 smep bmi2 erms invpcid rtm rdseed adx smap xsaveopt
bugs		:
bogomips	: 5187.98
clflush size	: 64
cache_alignment	: 64
address sizes	: 39 bits physical, 48 bits virtual
power management:

processor	: 3
vendor_id	: GenuineIntel
cpu family	: 6
model		: 61
model name	: Intel(R) Core(TM) i7-5600U CPU @ 2.60GHz
stepping	: 4
microcode	: 0x1f
cpu MHz		: 2894.023
cache size	: 4096 KB
physical id	: 0
siblings	: 4
core id		: 1
cpu cores	: 2
apicid		: 3
initial apicid	: 3
fpu		: yes
fpu_exception	: yes
cpuid level	: 20
wp		: yes
flags		: fpu vme de pse tsc msr pae mce cx8 apic sep mtrr pge mca cmov pat pse36 clflush dts acpi mmx fxsr sse sse2 ss ht tm pbe syscall nx pdpe1gb rdtscp lm constant_tsc arch_perfmon pebs bts rep_good nopl xtopology nonstop_tsc aperfmperf eagerfpu pni pclmulqdq dtes64 monitor ds_cpl vmx smx est tm2 ssse3 fma cx16 xtpr pdcm pcid sse4_1 sse4_2 x2apic movbe popcnt tsc_deadline_timer aes xsave avx f16c rdrand lahf_lm abm 3dnowprefetch ida arat epb pln pts dtherm tpr_shadow vnmi flexpriority ept vpid fsgsbase tsc_adjust bmi1 hle avx2 smep bmi2 erms invpcid rtm rdseed adx smap xsaveopt
bugs		:
bogomips	: 5187.98
clflush size	: 64
cache_alignment	: 64
address sizes	: 39 bits physical, 48 bits virtual
power management:



Memory: 4k page, physical 8048020k(118880k free), swap 0k(0k free)

vm_info: OpenJDK 64-Bit Server VM (25.91-b14) for linux-amd64 JRE (1.8.0_91-8u91-b14-0ubuntu4~14.04-b14), built on Apr 22 2016 12:27:31 by "buildd" with gcc 4.8.2

time: Wed Nov 16 18:59:21 2016
elapsed time: 3 seconds (0d 0h 0m 3s)

